<?xml version="1.0" encoding="UTF-8"?>
<testsuite xmlns:xsi="http://www.w3.org/2001/XMLSchema-instance" xsi:noNamespaceSchemaLocation="https://maven.apache.org/surefire/maven-surefire-plugin/xsd/surefire-test-report-3.0.xsd" version="3.0" name="ca.mcmaster.cas.se2aa4.a2.island.IslandTest" time="0.071" tests="11" errors="0" skipped="0" failures="0">
  <properties>
[...]
</properties>
  <testcase name="testCalculateBiomes" classname="ca.mcmaster.cas.se2aa4.a2.island.IslandTest" time="0.037">
    <system-out><![CDATA[MOST RECENT HUMIDITY FOR EACH TILE IN MESH
[75]
---------------------------------------------------------------------------
ELEVATION FOR EACH TILE IN MESH
[15]
---------------------------------------------------------------------------
BIOMES FOR EACH TILE IN THE MESH
[Mountain Wetlands]
]]></system-out>
  </testcase>
  <testcase name="testLagoonColors" classname="ca.mcmaster.cas.se2aa4.a2.island.IslandTest" time="0.005"/>
  <testcase name="testAddHumidity" classname="ca.mcmaster.cas.se2aa4.a2.island.IslandTest" time="0.001"/>
  <testcase name="testShapeColors" classname="ca.mcmaster.cas.se2aa4.a2.island.IslandTest" time="0.004"/>
  <testcase name="testCalculateBiomes2" classname="ca.mcmaster.cas.se2aa4.a2.island.IslandTest" time="0">
    <system-out><![CDATA[MOST RECENT HUMIDITY FOR EACH TILE IN MESH
[18]
---------------------------------------------------------------------------
ELEVATION FOR EACH TILE IN MESH
[0]
---------------------------------------------------------------------------
BIOMES FOR EACH TILE IN THE MESH
[Tundra]
]]></system-out>
  </testcase>
  <testcase name="testDistanceCalc" classname="ca.mcmaster.cas.se2aa4.a2.island.IslandTest" time="0.003"/>
  <testcase name="testSetBaseElevation" classname="ca.mcmaster.cas.se2aa4.a2.island.IslandTest" time="0.001">
    <system-out><![CDATA[ELEVATION FOR EACH TILE IN MESH
[0, 0, 0, 0, 0, 0, 0, 0, 0, 0]
---------------------------------------------------------------------------
]]></system-out>
  </testcase>
  <testcase name="testAquiferGeneration" classname="ca.mcmaster.cas.se2aa4.a2.island.IslandTest" time="0.001"/>
  <testcase name="testUpdateElevation" classname="ca.mcmaster.cas.se2aa4.a2.island.IslandTest" time="0">
    <system-out><![CDATA[ELEVATION FOR EACH TILE IN MESH
[1, 2, 3, 4, 5, 6, 7, 8, 9, 10]
---------------------------------------------------------------------------
]]></system-out>
  </testcase>
  <testcase name="testSetBaseHumidity" classname="ca.mcmaster.cas.se2aa4.a2.island.IslandTest" time="0">
    <system-out><![CDATA[MOST RECENT HUMIDITY FOR EACH TILE IN MESH
[60, 60, 60, 60, 60, 60, 60, 60, 60, 60]
---------------------------------------------------------------------------
]]></system-out>
  </testcase>
  <testcase name="testSetHumidity" classname="ca.mcmaster.cas.se2aa4.a2.island.IslandTest" time="0"/>
</testsuite>